{
  "stats": {
    "suites": 9,
    "tests": 8,
    "passes": 7,
    "pending": 0,
    "failures": 1,
    "start": "2019-06-12T06:58:50.755Z",
    "end": "2019-06-12T06:58:50.842Z",
    "duration": 87,
    "testsRegistered": 8,
    "passPercent": 87.5,
    "pendingPercent": 0,
    "other": 0,
    "hasOther": false,
    "skipped": 0,
    "hasSkipped": false
  },
  "results": [
    {
      "uuid": "ba205252-e9eb-426d-9c89-66d47213109d",
      "title": "",
      "fullFile": "",
      "file": "",
      "beforeHooks": [],
      "afterHooks": [],
      "tests": [],
      "suites": [
        {
          "uuid": "67d2647d-e66a-495a-b459-13714681eb0c",
          "title": "加法函数的测试",
          "fullFile": "F:\\Code\\projects\\unittest-demo\\test\\add.test.js",
          "file": "\\test\\add.test.js",
          "beforeHooks": [],
          "afterHooks": [],
          "tests": [
            {
              "title": "1 加 1 应该等于 2",
              "fullTitle": "加法函数的测试 1 加 1 应该等于 2",
              "timedOut": false,
              "duration": 3,
              "state": "failed",
              "speed": null,
              "pass": false,
              "fail": true,
              "pending": false,
              "context": null,
              "code": "expect((0, _add2.default)(1, 1)).to.be.equal(2);",
              "err": {
                "message": "AssertionError: expected 3 to equal 2",
                "estack": "AssertionError: expected 3 to equal 2\n    at Context.<anonymous> (F:/Code/projects/unittest-demo/test/add.test.js:12:29)",
                "diff": "- 3\n+ 2\n"
              },
              "uuid": "1e5794ea-34cb-474b-9633-9d9c79cd1613",
              "parentUUID": "67d2647d-e66a-495a-b459-13714681eb0c",
              "isHook": false,
              "skipped": false
            }
          ],
          "suites": [],
          "passes": [],
          "failures": [
            "1e5794ea-34cb-474b-9633-9d9c79cd1613"
          ],
          "pending": [],
          "skipped": [],
          "duration": 3,
          "root": false,
          "rootEmpty": false,
          "_timeout": 2000
        },
        {
          "uuid": "abd0f587-0570-45e5-bd92-83184099d9dc",
          "title": "module",
          "fullFile": "F:\\Code\\projects\\unittest-demo\\test\\index.test.js",
          "file": "\\test\\index.test.js",
          "beforeHooks": [],
          "afterHooks": [],
          "tests": [],
          "suites": [
            {
              "uuid": "7450e4ff-c752-4013-a769-4e6e2868d2fc",
              "title": "limit",
              "fullFile": "F:\\Code\\projects\\unittest-demo\\test\\index.test.js",
              "file": "\\test\\index.test.js",
              "beforeHooks": [],
              "afterHooks": [],
              "tests": [
                {
                  "title": "limit should success",
                  "fullTitle": "module limit limit should success",
                  "timedOut": false,
                  "duration": 1,
                  "state": "passed",
                  "speed": "fast",
                  "pass": true,
                  "fail": false,
                  "pending": false,
                  "context": null,
                  "code": "lib.limit(10).should.equal(10);\nlib.limit(-1).should.be.equal(0);",
                  "err": {},
                  "uuid": "10ad2112-3e92-4a9d-8132-938622055742",
                  "parentUUID": "7450e4ff-c752-4013-a769-4e6e2868d2fc",
                  "isHook": false,
                  "skipped": false
                }
              ],
              "suites": [],
              "passes": [
                "10ad2112-3e92-4a9d-8132-938622055742"
              ],
              "failures": [],
              "pending": [],
              "skipped": [],
              "duration": 1,
              "root": false,
              "rootEmpty": false,
              "_timeout": 2000
            },
            {
              "uuid": "c14d5329-48a8-4e2c-bb45-0775942ebb9d",
              "title": "async",
              "fullFile": "F:\\Code\\projects\\unittest-demo\\test\\index.test.js",
              "file": "\\test\\index.test.js",
              "beforeHooks": [],
              "afterHooks": [],
              "tests": [
                {
                  "title": "async",
                  "fullTitle": "module async async",
                  "timedOut": false,
                  "duration": 11,
                  "state": "passed",
                  "speed": "fast",
                  "pass": true,
                  "fail": false,
                  "pending": false,
                  "context": null,
                  "code": "lib.async(function (result) {\n  done();\n});",
                  "err": {},
                  "uuid": "44a82560-3d71-4308-8cd2-db95fca92d12",
                  "parentUUID": "c14d5329-48a8-4e2c-bb45-0775942ebb9d",
                  "isHook": false,
                  "skipped": false
                }
              ],
              "suites": [],
              "passes": [
                "44a82560-3d71-4308-8cd2-db95fca92d12"
              ],
              "failures": [],
              "pending": [],
              "skipped": [],
              "duration": 11,
              "root": false,
              "rootEmpty": false,
              "_timeout": 2000
            },
            {
              "uuid": "2b4e0607-34a4-4f63-912f-7f356ca32127",
              "title": "getContent",
              "fullFile": "F:\\Code\\projects\\unittest-demo\\test\\index.test.js",
              "file": "\\test\\index.test.js",
              "beforeHooks": [
                {
                  "title": "\"before all\" hook",
                  "fullTitle": "module getContent \"before all\" hook",
                  "timedOut": false,
                  "duration": 1,
                  "state": null,
                  "speed": null,
                  "pass": false,
                  "fail": false,
                  "pending": false,
                  "context": null,
                  "code": "muk(fs, 'readFile', function (path, encoding, callback) {\n  process.nextTick(function () {\n    callback(new Error(\"mock readFile error\"));\n  });\n});",
                  "err": {},
                  "uuid": "84546c11-da0a-430f-955a-5a065f7b1e2d",
                  "parentUUID": "2b4e0607-34a4-4f63-912f-7f356ca32127",
                  "isHook": true,
                  "skipped": false
                }
              ],
              "afterHooks": [
                {
                  "title": "\"after all\" hook",
                  "fullTitle": "module getContent \"after all\" hook",
                  "timedOut": false,
                  "duration": 0,
                  "state": null,
                  "speed": null,
                  "pass": false,
                  "fail": false,
                  "pending": false,
                  "context": null,
                  "code": "muk.restore();",
                  "err": {},
                  "uuid": "ca4a5fe0-47dd-4f57-ac4b-25160bd67619",
                  "parentUUID": "2b4e0607-34a4-4f63-912f-7f356ca32127",
                  "isHook": true,
                  "skipped": false
                }
              ],
              "tests": [
                {
                  "title": "getContent",
                  "fullTitle": "module getContent getContent",
                  "timedOut": false,
                  "duration": 0,
                  "state": "passed",
                  "speed": "fast",
                  "pass": true,
                  "fail": false,
                  "pending": false,
                  "context": null,
                  "code": "lib.getContent('text.txt', function (err, file) {\n  err.should.be.ok();\n  done();\n});",
                  "err": {},
                  "uuid": "007b5731-fc0a-47b7-b1d5-d94c125b85e0",
                  "parentUUID": "2b4e0607-34a4-4f63-912f-7f356ca32127",
                  "isHook": false,
                  "skipped": false
                }
              ],
              "suites": [],
              "passes": [
                "007b5731-fc0a-47b7-b1d5-d94c125b85e0"
              ],
              "failures": [],
              "pending": [],
              "skipped": [],
              "duration": 0,
              "root": false,
              "rootEmpty": false,
              "_timeout": 2000
            },
            {
              "uuid": "d3af2641-8862-4de8-a14a-69965f77d254",
              "title": "add",
              "fullFile": "F:\\Code\\projects\\unittest-demo\\test\\index.test.js",
              "file": "\\test\\index.test.js",
              "beforeHooks": [],
              "afterHooks": [],
              "tests": [
                {
                  "title": "add",
                  "fullTitle": "module add add",
                  "timedOut": false,
                  "duration": 3,
                  "state": "passed",
                  "speed": "fast",
                  "pass": true,
                  "fail": false,
                  "pending": false,
                  "context": null,
                  "code": "var lib = rewire('../index');\nvar add = lib.__get__('_adding');\nvar sum = add(1, 3);\nsum.should.equal(4);",
                  "err": {},
                  "uuid": "3787a78b-8dc7-45ad-ab17-228404731243",
                  "parentUUID": "d3af2641-8862-4de8-a14a-69965f77d254",
                  "isHook": false,
                  "skipped": false
                }
              ],
              "suites": [],
              "passes": [
                "3787a78b-8dc7-45ad-ab17-228404731243"
              ],
              "failures": [],
              "pending": [],
              "skipped": [],
              "duration": 3,
              "root": false,
              "rootEmpty": false,
              "_timeout": 2000
            }
          ],
          "passes": [],
          "failures": [],
          "pending": [],
          "skipped": [],
          "duration": 0,
          "root": false,
          "rootEmpty": false,
          "_timeout": 2000
        },
        {
          "uuid": "82528016-a571-4409-8f06-a402f43dff08",
          "title": "should",
          "fullFile": "F:\\Code\\projects\\unittest-demo\\test\\should.test.js",
          "file": "\\test\\should.test.js",
          "beforeHooks": [],
          "afterHooks": [],
          "tests": [],
          "suites": [
            {
              "uuid": "d69d0f98-38b7-4840-a520-f154df662b09",
              "title": "#Promise",
              "fullFile": "F:\\Code\\projects\\unittest-demo\\test\\should.test.js",
              "file": "\\test\\should.test.js",
              "beforeHooks": [],
              "afterHooks": [],
              "tests": [
                {
                  "title": "should.reject",
                  "fullTitle": "should #Promise should.reject",
                  "timedOut": false,
                  "duration": 3,
                  "state": "passed",
                  "speed": "fast",
                  "pass": true,
                  "fail": false,
                  "pending": false,
                  "context": null,
                  "code": "new Promise(function (resolve, reject) {\n  reject(new Error('wrong'));\n}).should.be.rejectedWith('wrong');",
                  "err": {},
                  "uuid": "0127942f-928e-4375-8045-ee861d756ab7",
                  "parentUUID": "d69d0f98-38b7-4840-a520-f154df662b09",
                  "isHook": false,
                  "skipped": false
                },
                {
                  "title": "should fulfilled",
                  "fullTitle": "should #Promise should fulfilled",
                  "timedOut": false,
                  "duration": 1,
                  "state": "passed",
                  "speed": "fast",
                  "pass": true,
                  "fail": false,
                  "pending": false,
                  "context": null,
                  "code": "new Promise(function (resolve, reject) {\n  resolve({ username: 'jc', age: 18, gender: 'male' });\n}).should.be.fulfilled().then(function (it) {\n  it.should.have.property('username', 'jc');\n});",
                  "err": {},
                  "uuid": "0e69d87e-ac20-4c3d-be01-6a5e7430b3cc",
                  "parentUUID": "d69d0f98-38b7-4840-a520-f154df662b09",
                  "isHook": false,
                  "skipped": false
                }
              ],
              "suites": [],
              "passes": [
                "0127942f-928e-4375-8045-ee861d756ab7",
                "0e69d87e-ac20-4c3d-be01-6a5e7430b3cc"
              ],
              "failures": [],
              "pending": [],
              "skipped": [],
              "duration": 4,
              "root": false,
              "rootEmpty": false,
              "_timeout": 2000
            }
          ],
          "passes": [],
          "failures": [],
          "pending": [],
          "skipped": [],
          "duration": 0,
          "root": false,
          "rootEmpty": false,
          "_timeout": 2000
        },
        {
          "uuid": "eaacd527-8328-4c91-ae22-87db492122bd",
          "title": "GET /user",
          "fullFile": "F:\\Code\\projects\\unittest-demo\\test\\web.test.js",
          "file": "\\test\\web.test.js",
          "beforeHooks": [],
          "afterHooks": [],
          "tests": [
            {
              "title": "respond with json",
              "fullTitle": "GET /user respond with json",
              "timedOut": false,
              "duration": 32,
              "state": "passed",
              "speed": "fast",
              "pass": true,
              "fail": false,
              "pending": false,
              "context": null,
              "code": "request(app).get('/user').set('Accept', 'application/json').expect('Content-Type', /json/).expect(200).end(function (err, res) {\n  if (err) {\n    done(err);\n  }\n  res.body.name.should.be.eql('jerryc');\n  done();\n});",
              "err": {},
              "uuid": "be700890-c4aa-4277-a3fc-ee33e379ee45",
              "parentUUID": "eaacd527-8328-4c91-ae22-87db492122bd",
              "isHook": false,
              "skipped": false
            }
          ],
          "suites": [],
          "passes": [
            "be700890-c4aa-4277-a3fc-ee33e379ee45"
          ],
          "failures": [],
          "pending": [],
          "skipped": [],
          "duration": 32,
          "root": false,
          "rootEmpty": false,
          "_timeout": 2000
        }
      ],
      "passes": [],
      "failures": [],
      "pending": [],
      "skipped": [],
      "duration": 0,
      "root": true,
      "rootEmpty": true,
      "_timeout": 2000
    }
  ],
  "meta": {
    "mocha": {
      "version": "6.1.4"
    },
    "mochawesome": {
      "options": {
        "quiet": false,
        "reportFilename": "mochawesome",
        "saveHtml": true,
        "saveJson": true,
        "useInlineDiffs": false
      },
      "version": "4.0.0"
    },
    "marge": {
      "options": null,
      "version": "4.0.0"
    }
  }
}